<?xml version="1.0" encoding="UTF-8"?>
<!-- Generated by org.testng.reporters.JUnitReportReporter -->
<testsuite hostname="LIN41005031" failures="0" tests="3" name="testrunner.LoginPage_testrunner" time="59.644" errors="0" timestamp="2023-06-21T15:11:10 IST" skipped="0">
  <testcase classname="testrunner.LoginPage_testrunner" name="runScenario" time="13.243"/>
  <system-out/>
  <testcase classname="testrunner.LoginPage_testrunner" name="runScenario" time="34.777"/>
  <system-out/>
  <testcase classname="testrunner.LoginPage_testrunner" name="runScenario" time="11.624"/>
  <system-out/>
</testsuite> <!-- testrunner.LoginPage_testrunner -->
