<?xml version="1.0" encoding="UTF-8"?>
<!-- Generated by org.testng.reporters.JUnitReportReporter -->
<testsuite hostname="LIN41005031" failures="0" tests="3" name="testrunner.LoginPage_testrunner" time="48.519" errors="0" timestamp="2023-06-09T07:44:50 IST" skipped="0">
  <testcase classname="testrunner.LoginPage_testrunner" name="runScenario" time="9.151"/>
  <system-out/>
  <testcase classname="testrunner.LoginPage_testrunner" name="runScenario" time="6.128"/>
  <system-out/>
  <testcase classname="testrunner.LoginPage_testrunner" name="runScenario" time="33.240"/>
  <system-out/>
</testsuite> <!-- testrunner.LoginPage_testrunner -->
