<?xml version="1.0" encoding="UTF-8"?>
<!-- Generated by org.testng.reporters.JUnitReportReporter -->
<testsuite hostname="LIN41005031" failures="0" tests="1" name="testrunner.LoginPage_testrunner2" time="25.108" errors="0" timestamp="2023-06-07T09:57:35 IST" skipped="0">
  <testcase classname="testrunner.LoginPage_testrunner2" name="runScenario" time="25.108"/>
  <system-out/>
</testsuite> <!-- testrunner.LoginPage_testrunner2 -->
