<?xml version="1.0" encoding="UTF-8"?>
<!-- Generated by org.testng.reporters.JUnitReportReporter -->
<testsuite hostname="LIN41005031" failures="0" tests="2" name="testrunner.LoginPage_testrunner2" time="29.701" errors="0" timestamp="2023-06-08T12:54:30 IST" skipped="0">
  <testcase classname="testrunner.LoginPage_testrunner2" name="runScenario" time="15.658"/>
  <system-out/>
  <testcase classname="testrunner.LoginPage_testrunner2" name="runScenario" time="14.043"/>
  <system-out/>
</testsuite> <!-- testrunner.LoginPage_testrunner2 -->
