<?xml version="1.0" encoding="UTF-8"?>
<!-- Generated by org.testng.reporters.JUnitReportReporter -->
<testsuite hostname="LIN41005031" failures="0" tests="2" name="testrunner.LoginPage_testrunner2" time="30.639" errors="0" timestamp="2023-06-08T15:43:06 IST" skipped="0">
  <testcase classname="testrunner.LoginPage_testrunner2" name="runScenario" time="13.075"/>
  <system-out/>
  <testcase classname="testrunner.LoginPage_testrunner2" name="runScenario" time="17.564"/>
  <system-out/>
</testsuite> <!-- testrunner.LoginPage_testrunner2 -->
