<?xml version="1.0" encoding="UTF-8"?>
<!-- Generated by org.testng.reporters.JUnitReportReporter -->
<testsuite hostname="LIN41005031" failures="0" tests="1" name="testrunner.Login_page_Excel" time="19.270" errors="0" timestamp="2023-06-08T15:43:06 IST" skipped="0">
  <testcase classname="testrunner.Login_page_Excel" name="runScenario" time="19.270"/>
  <system-out/>
</testsuite> <!-- testrunner.Login_page_Excel -->
