<?xml version="1.0" encoding="UTF-8"?>
<!-- Generated by org.testng.reporters.JUnitReportReporter -->
<testsuite hostname="LIN41005031" failures="0" tests="3" name="testrunner.LoginPage_testrunner" time="46.998" errors="0" timestamp="2023-06-07T15:46:39 IST" skipped="0">
  <testcase classname="testrunner.LoginPage_testrunner" name="runScenario" time="6.573"/>
  <system-out/>
  <testcase classname="testrunner.LoginPage_testrunner" name="runScenario" time="8.786"/>
  <system-out/>
  <testcase classname="testrunner.LoginPage_testrunner" name="runScenario" time="31.639"/>
  <system-out/>
</testsuite> <!-- testrunner.LoginPage_testrunner -->
