<?xml version="1.0" encoding="UTF-8"?>
<!-- Generated by org.testng.reporters.JUnitReportReporter -->
<testsuite hostname="LIN41005031" failures="0" tests="3" name="testrunner.LoginPage_testrunner" time="41.588" errors="0" timestamp="2023-06-07T10:08:27 IST" skipped="0">
  <testcase classname="testrunner.LoginPage_testrunner" name="runScenario" time="6.741"/>
  <system-out/>
  <testcase classname="testrunner.LoginPage_testrunner" name="runScenario" time="4.783"/>
  <system-out/>
  <testcase classname="testrunner.LoginPage_testrunner" name="runScenario" time="30.064"/>
  <system-out/>
</testsuite> <!-- testrunner.LoginPage_testrunner -->
