<?xml version="1.0" encoding="UTF-8"?>
<!-- Generated by org.testng.reporters.JUnitReportReporter -->
<testsuite hostname="LIN41005031" failures="0" tests="3" name="testrunner.LoginPage_testrunner" time="53.022" errors="0" timestamp="2023-06-08T15:43:06 IST" skipped="0">
  <testcase classname="testrunner.LoginPage_testrunner" name="runScenario" time="36.213"/>
  <system-out/>
  <testcase classname="testrunner.LoginPage_testrunner" name="runScenario" time="7.043"/>
  <system-out/>
  <testcase classname="testrunner.LoginPage_testrunner" name="runScenario" time="9.766"/>
  <system-out/>
</testsuite> <!-- testrunner.LoginPage_testrunner -->
