<?xml version="1.0" encoding="UTF-8"?>
<!-- Generated by org.testng.reporters.JUnitReportReporter -->
<testsuite hostname="LIN41005031" failures="0" tests="2" name="testrunner.LoginPage_testrunner2" time="26.774" errors="0" timestamp="2023-06-21T15:12:21 IST" skipped="0">
  <testcase classname="testrunner.LoginPage_testrunner2" name="runScenario" time="13.014"/>
  <system-out/>
  <testcase classname="testrunner.LoginPage_testrunner2" name="runScenario" time="13.760"/>
  <system-out/>
</testsuite> <!-- testrunner.LoginPage_testrunner2 -->
