<?xml version="1.0" encoding="UTF-8"?>
<!-- Generated by org.testng.reporters.JUnitReportReporter -->
<testsuite hostname="LIN41005031" failures="0" tests="2" name="testrunner.LoginPage_testrunner2" time="30.307" errors="0" timestamp="2023-06-08T16:05:00 IST" skipped="0">
  <testcase classname="testrunner.LoginPage_testrunner2" name="runScenario" time="17.703"/>
  <system-out/>
  <testcase classname="testrunner.LoginPage_testrunner2" name="runScenario" time="12.604"/>
  <system-out/>
</testsuite> <!-- testrunner.LoginPage_testrunner2 -->
