<?xml version="1.0" encoding="UTF-8"?>
<!-- Generated by org.testng.reporters.JUnitReportReporter -->
<testsuite hostname="LIN41005031" failures="0" tests="3" name="testrunner.LoginPage_testrunner" time="103.357" errors="0" timestamp="2023-06-08T16:05:00 IST" skipped="0">
  <testcase classname="testrunner.LoginPage_testrunner" name="runScenario" time="43.893"/>
  <system-out/>
  <testcase classname="testrunner.LoginPage_testrunner" name="runScenario" time="44.146"/>
  <system-out/>
  <testcase classname="testrunner.LoginPage_testrunner" name="runScenario" time="15.318"/>
  <system-out/>
</testsuite> <!-- testrunner.LoginPage_testrunner -->
